Drill Listing
=============
Drill: 16  Tool: 1  Feed: 95  Speed: 300
X 17000  Y -50000
X 79494  Y -68000
X 137000  Y -61500
X 137000  Y -66500
X 146000  Y -94500
X 150000  Y -56000
X 151500  Y -61000
X 167500  Y -61000
X 167500  Y -56000
X 168500  Y -26500
X 168100  Y -36500
X 164100  Y -36500
X 151279  Y -35720
X 148084  Y -26490
X 146161  Y -36000
X 138106  Y -26163
X 128248  Y -26654
X 119400  Y -27000
X 109800  Y -26800
X 70600  Y -45000
X 70500  Y -35000
X 70500  Y -40000
X 54500  Y -25000
X 10000  Y -35000
X 71500  Y -17500
X 74500  Y -10500
X 109800  Y -8200
X 109800  Y -16600
X 119400  Y -17200
X 119400  Y -8200
X 128291  Y -17330
X 128291  Y -8170
X 137942  Y -17330
X 138150  Y -8500
X 142500  Y 1000
X 148052  Y -8500
X 148084  Y -17003
X 149000  Y 1000
X 155500  Y 1000
X 168500  Y -8500
X 168500  Y -17500
X 176400  Y 19400
X 170000  Y 16500
X 170000  Y 20100
X 162500  Y 29000
X 162500  Y 24500
X 148500  Y 17000
X 140000  Y 16000
X 134000  Y 28000
X 54500  Y 10000
X 38000  Y 10000
X 27000  Y 26000
X 15000  Y 46500
X 19000  Y 43000
X 22500  Y 39500
X 38000  Y 39500
X 54500  Y 40500
X 82000  Y 51000
X 113000  Y 62000
X 132000  Y 39000
X 134000  Y 33000
X 143500  Y 73000

Drill: 35  Tool: 2  Feed: 197  Speed: 550
X -5000  Y -80000
X 5000  Y -80000
X 22500  Y -77578
X 32500  Y -87421
X 42500  Y -77578
X 52500  Y -74500
X 52500  Y -94500
X 107500  Y -80000
X 107500  Y -90000
X 187500  Y -95000
X 212500  Y -95000
X 160000  Y -60000
X 130000  Y -60000
X 122500  Y -60000
X 107500  Y -70000
X 107500  Y -50000
X 97500  Y -52578
X 87500  Y -62421
X 77500  Y -52578
X 69500  Y -66000
X 29500  Y -66000
X 5000  Y -70000
X 5000  Y -60000
X 5000  Y -50000
X -5000  Y -70000
X -5000  Y -50000
X -5000  Y -60000
X -5000  Y -40000
X -5000  Y -30000
X -5000  Y 0
X -5000  Y -10000
X -5000  Y -20000
X 5000  Y -30000
X 5000  Y -40000
X 5000  Y 0
X 5000  Y -10000
X 5000  Y -20000
X 78000  Y -27500
X 83500  Y -2500
X 83500  Y -15000
X 93500  Y -15000
X 93500  Y -2500
X 98000  Y -27500
X 190000  Y -27500
X 190000  Y -7500
X 217500  Y -17500
X 237500  Y -17500
X 155000  Y 25000
X 155000  Y 35000
X 107500  Y 10000
X 107500  Y 45000
X 107500  Y 30000
X 98000  Y 10000
X 97500  Y 44921
X 87500  Y 35078
X 78000  Y 10000
X 77500  Y 44921
X 5000  Y 20000
X 5000  Y 50000
X 5000  Y 30000
X 5000  Y 10000
X 5000  Y 40000
X -5000  Y 10000
X -5000  Y 20000
X -5000  Y 50000
X -5000  Y 40000
X -5000  Y 30000
X -5000  Y 70000
X -5000  Y 60000
X 5000  Y 60000
X 5000  Y 70000
X 22500  Y 67421
X 25000  Y 77500
X 32500  Y 57578
X 42500  Y 67421
X 50000  Y 67421
X 60000  Y 57578
X 70000  Y 67421
X 82500  Y 70000
X 107500  Y 55000
X 160000  Y 77500
X 162500  Y 60000
X 227500  Y 57500
X 242500  Y 72500
X 242500  Y 92500
X 227500  Y 97500
X 160000  Y 87500
X 82500  Y 90000
X 82500  Y 80000
X 70000  Y 82500
X 5000  Y 80000
X -5000  Y 80000

Drill: 51  Tool: 3  Feed: 107  Speed: 550
X 232500  Y -77342
X 232500  Y -57657
X 232500  Y 22657
X 232500  Y 42342
X 202342  Y 82500
X 182657  Y 82500
X 124842  Y 82500
X 105157  Y 82500

End of Listing
